<?xml version="1.0" encoding="UTF-8"?>
<!-- Generated by org.testng.reporters.JUnitReportReporter -->
<testsuite hostname="GS-3031" failures="0" tests="1" name="com.flipkart.testcases.TC_flipkart" time="21.256" errors="0" timestamp="2021-10-13T10:37:32 IST" skipped="0">
  <testcase classname="com.flipkart.testcases.TC_flipkart" name="verifyFlpkrtLogin" time="21.256"/>
  <system-out/>
</testsuite> <!-- com.flipkart.testcases.TC_flipkart -->
