<?xml version="1.0" encoding="UTF-8"?>
<!-- Generated by org.testng.reporters.JUnitReportReporter -->
<testsuite hostname="GS-3031" failures="0" tests="1" name="com.flipkart.testcases.TC_flipkartLogin" time="0.541" errors="0" timestamp="2021-10-11T18:10:33 IST" skipped="0">
  <testcase classname="com.flipkart.testcases.TC_flipkartLogin" name="verifyFlipkartLoginWithInvalidData" time="0.541"/>
  <system-out/>
</testsuite> <!-- com.flipkart.testcases.TC_flipkartLogin -->
